<?xml version="1.0" encoding="UTF-8"?>
<!-- Generated by org.testng.reporters.JUnitReportReporter -->
<testsuite hostname="MuyiwasLounge" name="TestCases.VerifyTagTest" tests="1" failures="0" timestamp="7 Aug 2017 22:08:09 GMT" time="8.300" errors="0">
  <testcase name="ConfirmTagAbout" time="8.300" classname="TestCases.VerifyTagTest"/>
</testsuite> <!-- TestCases.VerifyTagTest -->
